<?xml version="1.0" encoding="UTF-8"?>
<!-- Generated by org.testng.reporters.JUnitReportReporter -->
<testsuite hostname="LAPTOP-IG4K5P6J" failures="0" tests="1" name="Test.RegistrationPageTest" time="2.970" errors="0" timestamp="26 Jan 2025 07:34:55 GMT" skipped="0">
  <testcase classname="Test.RegistrationPageTest" name="registrationValidation" time="2.970"/>
</testsuite> <!-- Test.RegistrationPageTest -->
