<?xml version="1.0" encoding="UTF-8"?>
<!-- Generated by org.testng.reporters.JUnitReportReporter -->
<testsuite hostname="LAPTOP-IG4K5P6J" failures="0" tests="1" name="Test.RegistrationPageTest" time="3.115" errors="0" timestamp="24 Jan 2025 17:51:05 GMT" skipped="0">
  <testcase classname="Test.RegistrationPageTest" name="registrationValidation" time="3.115"/>
</testsuite> <!-- Test.RegistrationPageTest -->
